<?xml version="1.0" encoding="UTF-8"?>
<!-- Generated by org.testng.reporters.JUnitReportReporter -->
<testsuite hostname="IVLT-WIN" failures="0" tests="1" name="academy.validateTitle" time="0.049" errors="0" timestamp="2022-04-18T15:57:34 BOT" skipped="0">
  <testcase classname="academy.validateTitle" name="validateApplicationTitle" time="0.049"/>
  <system-out/>
</testsuite> <!-- academy.validateTitle -->
