<?xml version="1.0" encoding="UTF-8"?>
<!-- Generated by org.testng.reporters.JUnitReportReporter -->
<testsuite hostname="IVLT-WIN" failures="0" tests="1" name="academy.UnicornValidationTest" time="0.018" errors="0" timestamp="2022-04-17T23:51:42 BOT" skipped="0">
  <testcase classname="academy.UnicornValidationTest" name="basePageNavigation" time="0.018"/>
  <system-out/>
</testsuite> <!-- academy.UnicornValidationTest -->
