<?xml version="1.0" encoding="UTF-8"?>
<!-- Generated by org.testng.reporters.JUnitReportReporter -->
<testsuite hostname="IVLT-WIN" failures="0" tests="1" name="academy.validateForgotPassword" time="13.171" errors="0" timestamp="2022-04-18T16:56:34 BOT" skipped="0">
  <testcase classname="academy.validateForgotPassword" name="ForgotPasswordValidation" time="13.171"/>
  <system-out/>
</testsuite> <!-- academy.validateForgotPassword -->
