<?xml version="1.0" encoding="UTF-8"?>
<!-- Generated by org.testng.reporters.JUnitReportReporter -->
<testsuite hostname="IVLT-WIN" failures="0" tests="2" name="academy.HomePage" time="67.534" errors="0" timestamp="2022-04-17T23:51:42 BOT" skipped="0">
  <testcase classname="academy.HomePage" name="basePageNavigation" time="21.490"/>
  <system-out/>
  <testcase classname="academy.HomePage" name="basePageNavigation" time="46.044"/>
  <system-out/>
</testsuite> <!-- academy.HomePage -->
