<?xml version="1.0" encoding="UTF-8"?>
<!-- Generated by org.testng.reporters.JUnitReportReporter -->
<testsuite hostname="IVLT-WIN" failures="0" tests="1" name="academy.validateNavBar" time="0.185" errors="0" timestamp="2022-04-17T23:51:42 BOT" skipped="0">
  <testcase classname="academy.validateNavBar" name="basePageNavigation" time="0.185"/>
  <system-out/>
</testsuite> <!-- academy.validateNavBar -->
