<?xml version="1.0" encoding="UTF-8"?>
<!-- Generated by org.testng.reporters.JUnitReportReporter -->
<testsuite hostname="IVLT-WIN" failures="0" tests="1" name="academy.validateTitle" time="0.276" errors="0" timestamp="2022-04-17T23:51:42 BOT" skipped="0">
  <testcase classname="academy.validateTitle" name="basePageNavigation" time="0.276"/>
  <system-out/>
</testsuite> <!-- academy.validateTitle -->
