<?xml version="1.0" encoding="UTF-8"?>
<!-- Generated by org.testng.reporters.JUnitReportReporter -->
<testsuite hostname="IVLT-WIN" failures="0" tests="1" name="academy.validateNavBar" time="0.178" errors="0" timestamp="2022-04-18T15:57:34 BOT" skipped="0">
  <testcase classname="academy.validateNavBar" name="validateApplicationNavBar" time="0.178"/>
  <system-out/>
</testsuite> <!-- academy.validateNavBar -->
