<?xml version="1.0" encoding="UTF-8"?>
<!-- Generated by org.testng.reporters.JUnitReportReporter -->
<testsuite hostname="IVLT-WIN" failures="0" tests="3" name="academy.validateHomeElements" time="0.281" errors="0" timestamp="2022-04-18T22:34:22 BOT" skipped="0">
  <testcase classname="academy.validateHomeElements" name="validateApplicationNavBar" time="0.113"/>
  <system-out/>
  <testcase classname="academy.validateHomeElements" name="validateApplicationMainTitle" time="0.064"/>
  <system-out/>
  <testcase classname="academy.validateHomeElements" name="validateApplicationTitle" time="0.104"/>
  <system-out/>
</testsuite> <!-- academy.validateHomeElements -->
