<?xml version="1.0" encoding="UTF-8"?>
<!-- Generated by org.testng.reporters.JUnitReportReporter -->
<testsuite hostname="IVLT-WIN" failures="0" tests="1" name="academy.HomePage" time="9.311" errors="0" timestamp="2022-04-18T22:34:22 BOT" skipped="0">
  <testcase classname="academy.HomePage" name="ValidateLoginSessions" time="9.311"/>
  <system-out/>
</testsuite> <!-- academy.HomePage -->
