<?xml version="1.0" encoding="UTF-8"?>
<!-- Generated by org.testng.reporters.JUnitReportReporter -->
<testsuite hostname="IVLT-WIN" failures="0" tests="1" name="academy.UnicornValidationTest" time="0.009" errors="0" timestamp="2022-04-18T21:30:54 BOT" skipped="0">
  <testcase classname="academy.UnicornValidationTest" name="validateUnicornTest" time="0.009"/>
  <system-out/>
</testsuite> <!-- academy.UnicornValidationTest -->
